{"dsadawdawd":"asdasdasdasdasdaqwdeqw"}
 ------- 
API CALLBACK WORKS
{"qwe":"qweqweqwe"}
 ------- 
API CALLBACK WORKS
{"qwe":"qweqweqwe"}
 ------- 
API CALLBACK WORKS
[]
 ------- 
API CALLBACK WORKS
{"terminalnumber":"71685","lowprofilecode":"4bce2725-9b53-4d18-9855-085e6ddf454f","Operation":"1","DealRespone":"0","InvoiceResponseCode":"0","OperationResponse":"0","OperationResponseText":"OK"}
 ------- 
API CALLBACK WORKS
{"terminalnumber":"71685","lowprofilecode":"00b0c36f-b120-481c-bcfa-edd8ab1a73b9","Operation":"1","DealRespone":"0","InvoiceResponseCode":"0","OperationResponse":"0","OperationResponseText":"OK"}
 ------- 
API CALLBACK WORKS
{"terminalnumber":"71685","lowprofilecode":"17f35de9-cd2d-45e7-bd0f-c429e05da7b8","Operation":"1","DealRespone":"0","InvoiceResponseCode":"0","OperationResponse":"0","OperationResponseText":"OK"}
 ------- 
API CALLBACK WORKS
{"terminalnumber":"71685","lowprofilecode":"afc6d5d2-d7db-4ef2-93d7-d409f0d1e812","Operation":"1","DealRespone":"0","InvoiceResponseCode":"0","OperationResponse":"0","OperationResponseText":"OK"}
 ------- 
API CALLBACK WORKS
{"terminalnumber":"71685","lowprofilecode":"a4560246-46f8-4a10-947c-5b2234ba0d0f","Operation":"1","DealRespone":"0","InvoiceResponseCode":"0","OperationResponse":"0","OperationResponseText":"OK"}
 ------- 
API CALLBACK WORKS
{"terminalnumber":"71685","lowprofilecode":"a4560246-46f8-4a10-947c-5b2234ba0d0f","Operation":"1","DealRespone":"0","InvoiceResponseCode":"0","OperationResponse":"0","OperationResponseText":"OK"}
 ------- 
API CALLBACK WORKS
{"terminalnumber":"71685","lowprofilecode":"a4560246-46f8-4a10-947c-5b2234ba0d0f","Operation":"1","DealRespone":"0","InvoiceResponseCode":"0","OperationResponse":"0","OperationResponseText":"OK"}
 ------- 
API CALLBACK WORKS
{"terminalnumber":"71685","lowprofilecode":"a4560246-46f8-4a10-947c-5b2234ba0d0f","Operation":"1","DealRespone":"0","InvoiceResponseCode":"0","OperationResponse":"0","OperationResponseText":"OK"}
 ------- 
API CALLBACK WORKS
{"terminalnumber":"71685","lowprofilecode":"a9393719-b6c2-427c-a796-1dd14b03a6c3","Operation":"1","DealRespone":"0","InvoiceResponseCode":"0","OperationResponse":"0","OperationResponseText":"OK"}
 ------- 
API CALLBACK WORKS
{"terminalnumber":"71685","lowprofilecode":"a9393719-b6c2-427c-a796-1dd14b03a6c3","Operation":"1","DealRespone":"0","InvoiceResponseCode":"0","OperationResponse":"0","OperationResponseText":"OK"}
 ------- 
API CALLBACK WORKS
{"terminalnumber":"71685","lowprofilecode":"b64f97e3-ea8c-4a6c-a849-dc6bb0a62af8","Operation":"1","DealRespone":"0","InvoiceResponseCode":"0","OperationResponse":"0","OperationResponseText":"OK"}
 ------- 
API CALLBACK WORKS
{"terminalnumber":"71685","lowprofilecode":"a9393719-b6c2-427c-a796-1dd14b03a6c3","Operation":"1","DealRespone":"0","InvoiceResponseCode":"0","OperationResponse":"0","OperationResponseText":"OK"}
 ------- 
API CALLBACK WORKS
{"terminalnumber":"71685","lowprofilecode":"b64f97e3-ea8c-4a6c-a849-dc6bb0a62af8","Operation":"1","DealRespone":"0","InvoiceResponseCode":"0","OperationResponse":"0","OperationResponseText":"OK"}
 ------- 
API CALLBACK WORKS
{"terminalnumber":"71685","lowprofilecode":"a9393719-b6c2-427c-a796-1dd14b03a6c3","Operation":"1","DealRespone":"0","InvoiceResponseCode":"0","OperationResponse":"0","OperationResponseText":"OK"}
 ------- 
API CALLBACK WORKS
{"terminalnumber":"71685","lowprofilecode":"b64f97e3-ea8c-4a6c-a849-dc6bb0a62af8","Operation":"1","DealRespone":"0","InvoiceResponseCode":"0","OperationResponse":"0","OperationResponseText":"OK"}
 ------- 
API CALLBACK WORKS
{"terminalnumber":"71685","lowprofilecode":"a4560246-46f8-4a10-947c-5b2234ba0d0f","Operation":"1","DealRespone":"0","InvoiceResponseCode":"0","OperationResponse":"0","OperationResponseText":"OK"}
 ------- 
API CALLBACK WORKS
{"terminalnumber":"71685","lowprofilecode":"b64f97e3-ea8c-4a6c-a849-dc6bb0a62af8","Operation":"1","DealRespone":"0","InvoiceResponseCode":"0","OperationResponse":"0","OperationResponseText":"OK"}
 ------- 
API CALLBACK WORKS
{"OperationResponse":"0","LowProfileCode":"b64f97e3-ea8c-4a6c-a849-dc6bb0a62af8"}
 ------- 
API CALLBACK WORKS
{"OperationResponse":"0","lowprofilecode":"b64f97e3-ea8c-4a6c-a849-dc6bb0a62af8"}
 ------- 
API CALLBACK WORKS
{"terminalnumber":"71685","lowprofilecode":"d129bea6-7986-46b7-b970-94635d29061c","Operation":"1","DealRespone":"0","InvoiceResponseCode":"0","OperationResponse":"0","OperationResponseText":"OK"}
 ------- 
API CALLBACK WORKS
{"terminalnumber":"71685","lowprofilecode":"a9393719-b6c2-427c-a796-1dd14b03a6c3","Operation":"1","DealRespone":"0","InvoiceResponseCode":"0","OperationResponse":"0","OperationResponseText":"OK"}
 ------- 
API CALLBACK WORKS
{"terminalnumber":"71685","lowprofilecode":"b64f97e3-ea8c-4a6c-a849-dc6bb0a62af8","Operation":"1","DealRespone":"0","InvoiceResponseCode":"0","OperationResponse":"0","OperationResponseText":"OK"}
 ------- 
API CALLBACK WORKS
{"terminalnumber":"71685","lowprofilecode":"a4560246-46f8-4a10-947c-5b2234ba0d0f","Operation":"1","DealRespone":"0","InvoiceResponseCode":"0","OperationResponse":"0","OperationResponseText":"OK"}
 ------- 
API CALLBACK WORKS
{"terminalnumber":"71685","lowprofilecode":"a9393719-b6c2-427c-a796-1dd14b03a6c3","Operation":"1","DealRespone":"0","InvoiceResponseCode":"0","OperationResponse":"0","OperationResponseText":"OK"}
 ------- 
API CALLBACK WORKS
{"terminalnumber":"71685","lowprofilecode":"b64f97e3-ea8c-4a6c-a849-dc6bb0a62af8","Operation":"1","DealRespone":"0","InvoiceResponseCode":"0","OperationResponse":"0","OperationResponseText":"OK"}
 ------- 
API CALLBACK WORKS
{"terminalnumber":"71685","lowprofilecode":"7676fc81-7ee5-40c3-9436-95e210c80d68","Operation":"1","DealRespone":"0","InvoiceResponseCode":"0","OperationResponse":"0","OperationResponseText":"OK"}
 ------- 
API CALLBACK WORKS
{"terminalnumber":"71685","lowprofilecode":"9b82932f-97a6-495e-944b-cbcd7665ecc0","Operation":"1","DealRespone":"4","OperationResponse":"4","OperationResponseText":"NOTOK"}
 ------- 
API CALLBACK WORKS
{"terminalnumber":"71685","lowprofilecode":"9b82932f-97a6-495e-944b-cbcd7665ecc0","Operation":"1","DealRespone":"4","OperationResponse":"4","OperationResponseText":"NOTOK"}
 ------- 
API CALLBACK WORKS
{"terminalnumber":"71685","lowprofilecode":"9b82932f-97a6-495e-944b-cbcd7665ecc0","Operation":"1","DealRespone":"4","OperationResponse":"4","OperationResponseText":"NOTOK"}
 ------- 
API CALLBACK WORKS
{"terminalnumber":"71685","lowprofilecode":"9b82932f-97a6-495e-944b-cbcd7665ecc0","Operation":"1","DealRespone":"4","OperationResponse":"4","OperationResponseText":"NOTOK"}
 ------- 
API CALLBACK WORKS
{"terminalnumber":"71685","lowprofilecode":"9b82932f-97a6-495e-944b-cbcd7665ecc0","Operation":"1","DealRespone":"4","OperationResponse":"4","OperationResponseText":"NOTOK"}
 ------- 
API CALLBACK WORKS
{"terminalnumber":"71685","lowprofilecode":"9b82932f-97a6-495e-944b-cbcd7665ecc0","Operation":"1","DealRespone":"4","OperationResponse":"4","OperationResponseText":"NOTOK"}
 ------- 
API CALLBACK WORKS
{"terminalnumber":"71685","lowprofilecode":"9b82932f-97a6-495e-944b-cbcd7665ecc0","Operation":"1","DealRespone":"4","OperationResponse":"4","OperationResponseText":"NOTOK"}
 ------- 
API CALLBACK WORKS
{"terminalnumber":"71685","lowprofilecode":"ba6c40e0-5702-4b51-a41c-87122c7db8ad","Operation":"1","DealRespone":"0","InvoiceResponseCode":"0","OperationResponse":"0","OperationResponseText":"OK"}
 ------- 
API CALLBACK WORKS
{"terminalnumber":"71685","lowprofilecode":"01f89e6b-a773-4f34-8117-3202c82debae","Operation":"1","DealRespone":"0","InvoiceResponseCode":"0","OperationResponse":"0","OperationResponseText":"OK"}
 ------- 
API CALLBACK WORKS
{"terminalnumber":"71685","lowprofilecode":"de1fc27d-de24-4645-b7c7-d53051613e84","Operation":"1","DealRespone":"0","InvoiceResponseCode":"0","OperationResponse":"0","OperationResponseText":"OK"}
 ------- 
API CALLBACK WORKS
{"terminalnumber":"71685","lowprofilecode":"de1fc27d-de24-4645-b7c7-d53051613e84","Operation":"1","DealRespone":"0","InvoiceResponseCode":"0","OperationResponse":"0","OperationResponseText":"OK"}
 ------- 
API CALLBACK WORKS
{"terminalnumber":"71685","lowprofilecode":"ecab5cf2-63e9-418c-992e-250d5d2a4fac","Operation":"1","DealRespone":"0","InvoiceResponseCode":"0","OperationResponse":"0","OperationResponseText":"OK"}
 ------- 
API CALLBACK WORKS
{"terminalnumber":"71685","lowprofilecode":"de1fc27d-de24-4645-b7c7-d53051613e84","Operation":"1","DealRespone":"0","InvoiceResponseCode":"0","OperationResponse":"0","OperationResponseText":"OK"}
 ------- 
API CALLBACK WORKS
{"terminalnumber":"71685","lowprofilecode":"ecab5cf2-63e9-418c-992e-250d5d2a4fac","Operation":"1","DealRespone":"0","InvoiceResponseCode":"0","OperationResponse":"0","OperationResponseText":"OK"}
 ------- 
API CALLBACK WORKS
{"terminalnumber":"71685","lowprofilecode":"de1fc27d-de24-4645-b7c7-d53051613e84","Operation":"1","DealRespone":"0","InvoiceResponseCode":"0","OperationResponse":"0","OperationResponseText":"OK"}
 ------- 
API CALLBACK WORKS
{"terminalnumber":"71685","lowprofilecode":"ecab5cf2-63e9-418c-992e-250d5d2a4fac","Operation":"1","DealRespone":"0","InvoiceResponseCode":"0","OperationResponse":"0","OperationResponseText":"OK"}
 ------- 
API CALLBACK WORKS
{"terminalnumber":"71685","lowprofilecode":"ecab5cf2-63e9-418c-992e-250d5d2a4fac","Operation":"1","DealRespone":"0","InvoiceResponseCode":"0","OperationResponse":"0","OperationResponseText":"OK"}
 ------- 
API CALLBACK WORKS
{"terminalnumber":"71685","lowprofilecode":"de1fc27d-de24-4645-b7c7-d53051613e84","Operation":"1","DealRespone":"0","InvoiceResponseCode":"0","OperationResponse":"0","OperationResponseText":"OK"}
 ------- 
API CALLBACK WORKS
{"terminalnumber":"71685","lowprofilecode":"ecab5cf2-63e9-418c-992e-250d5d2a4fac","Operation":"1","DealRespone":"0","InvoiceResponseCode":"0","OperationResponse":"0","OperationResponseText":"OK"}
 ------- 
API CALLBACK WORKS
{"terminalnumber":"71685","lowprofilecode":"de1fc27d-de24-4645-b7c7-d53051613e84","Operation":"1","DealRespone":"0","InvoiceResponseCode":"0","OperationResponse":"0","OperationResponseText":"OK"}
 ------- 
API CALLBACK WORKS
{"terminalnumber":"71685","lowprofilecode":"ecab5cf2-63e9-418c-992e-250d5d2a4fac","Operation":"1","DealRespone":"0","InvoiceResponseCode":"0","OperationResponse":"0","OperationResponseText":"OK"}
 ------- 
API CALLBACK WORKS
{"terminalnumber":"71685","lowprofilecode":"de1fc27d-de24-4645-b7c7-d53051613e84","Operation":"1","DealRespone":"0","InvoiceResponseCode":"0","OperationResponse":"0","OperationResponseText":"OK"}
 ------- 
API CALLBACK WORKS
{"terminalnumber":"71685","lowprofilecode":"ecab5cf2-63e9-418c-992e-250d5d2a4fac","Operation":"1","DealRespone":"0","InvoiceResponseCode":"0","OperationResponse":"0","OperationResponseText":"OK"}
 ------- 
API CALLBACK WORKS
{"terminalnumber":"71685","lowprofilecode":"de1fc27d-de24-4645-b7c7-d53051613e84","Operation":"1","DealRespone":"0","InvoiceResponseCode":"0","OperationResponse":"0","OperationResponseText":"OK"}
 ------- 
API CALLBACK WORKS
{"terminalnumber":"71685","lowprofilecode":"ecab5cf2-63e9-418c-992e-250d5d2a4fac","Operation":"1","DealRespone":"0","InvoiceResponseCode":"0","OperationResponse":"0","OperationResponseText":"OK"}
 ------- 
API CALLBACK WORKS
{"terminalnumber":"71685","lowprofilecode":"dc0e61b2-75ab-4e3d-979a-bc7a0fe6cd7f","Operation":"1","DealRespone":"0","InvoiceResponseCode":"0","OperationResponse":"0","OperationResponseText":"OK"}
 ------- 
API CALLBACK WORKS
{"terminalnumber":"71685","lowprofilecode":"dc0e61b2-75ab-4e3d-979a-bc7a0fe6cd7f","Operation":"1","DealRespone":"0","InvoiceResponseCode":"0","OperationResponse":"0","OperationResponseText":"OK"}
 ------- 
API CALLBACK WORKS
{"terminalnumber":"71685","lowprofilecode":"dc0e61b2-75ab-4e3d-979a-bc7a0fe6cd7f","Operation":"1","DealRespone":"0","InvoiceResponseCode":"0","OperationResponse":"0","OperationResponseText":"OK"}
 ------- 
API CALLBACK WORKS
{"terminalnumber":"71685","lowprofilecode":"dc0e61b2-75ab-4e3d-979a-bc7a0fe6cd7f","Operation":"1","DealRespone":"0","InvoiceResponseCode":"0","OperationResponse":"0","OperationResponseText":"OK"}
 ------- 
API CALLBACK WORKS
{"terminalnumber":"71685","lowprofilecode":"dc0e61b2-75ab-4e3d-979a-bc7a0fe6cd7f","Operation":"1","DealRespone":"0","InvoiceResponseCode":"0","OperationResponse":"0","OperationResponseText":"OK"}
 ------- 
API CALLBACK WORKS
{"terminalnumber":"71685","lowprofilecode":"dc0e61b2-75ab-4e3d-979a-bc7a0fe6cd7f","Operation":"1","DealRespone":"0","InvoiceResponseCode":"0","OperationResponse":"0","OperationResponseText":"OK"}
 ------- 
API CALLBACK WORKS
{"terminalnumber":"71685","lowprofilecode":"714087ec-dc1a-43a3-9506-bdf336e94713","Operation":"1","DealRespone":"0","InvoiceResponseCode":"0","OperationResponse":"0","OperationResponseText":"OK"}
 ------- 
API CALLBACK WORKS
{"terminalnumber":"71685","lowprofilecode":"dfb23a0b-a58b-4364-93dd-c18e567f992e","Operation":"1","DealRespone":"0","InvoiceResponseCode":"0","OperationResponse":"0","OperationResponseText":"OK"}
 ------- 
API CALLBACK WORKS
{"terminalnumber":"71685","lowprofilecode":"41cc12df-5447-440b-b91c-67b7a7b4281e","Operation":"1","DealRespone":"6","OperationResponse":"6","OperationResponseText":"NOTOK"}
 ------- 
API CALLBACK WORKS
{"terminalnumber":"71685","lowprofilecode":"41cc12df-5447-440b-b91c-67b7a7b4281e","Operation":"1","DealRespone":"6","OperationResponse":"6","OperationResponseText":"NOTOK"}
 ------- 
API CALLBACK WORKS
{"terminalnumber":"71685","lowprofilecode":"9bd4ca62-5ccf-4345-a009-a3019596b9ca","Operation":"1","DealRespone":"0","InvoiceResponseCode":"0","OperationResponse":"0","OperationResponseText":"OK"}
 ------- 
API CALLBACK WORKS
{"terminalnumber":"71685","lowprofilecode":"41cc12df-5447-440b-b91c-67b7a7b4281e","Operation":"1","DealRespone":"6","OperationResponse":"6","OperationResponseText":"NOTOK"}
 ------- 
API CALLBACK WORKS
{"terminalnumber":"71685","lowprofilecode":"41cc12df-5447-440b-b91c-67b7a7b4281e","Operation":"1","DealRespone":"6","OperationResponse":"6","OperationResponseText":"NOTOK"}
 ------- 
API CALLBACK WORKS
{"terminalnumber":"71685","lowprofilecode":"41cc12df-5447-440b-b91c-67b7a7b4281e","Operation":"1","DealRespone":"6","OperationResponse":"6","OperationResponseText":"NOTOK"}
 ------- 
API CALLBACK WORKS
{"terminalnumber":"71685","lowprofilecode":"41cc12df-5447-440b-b91c-67b7a7b4281e","Operation":"1","DealRespone":"6","OperationResponse":"6","OperationResponseText":"NOTOK"}
 ------- 
API CALLBACK WORKS
{"terminalnumber":"71685","lowprofilecode":"dc0e61b2-75ab-4e3d-979a-bc7a0fe6cd7f","Operation":"1","DealRespone":"0","InvoiceResponseCode":"0","OperationResponse":"0","OperationResponseText":"OK"}
 ------- 
API CALLBACK WORKS
{"terminalnumber":"71685","lowprofilecode":"41cc12df-5447-440b-b91c-67b7a7b4281e","Operation":"1","DealRespone":"6","OperationResponse":"6","OperationResponseText":"NOTOK"}
 ------- 
API CALLBACK WORKS
{"terminalnumber":"71685","lowprofilecode":"dc0e61b2-75ab-4e3d-979a-bc7a0fe6cd7f","Operation":"1","DealRespone":"0","InvoiceResponseCode":"0","OperationResponse":"0","OperationResponseText":"OK"}
 ------- 
API CALLBACK WORKS
{"terminalnumber":"71685","lowprofilecode":"fefc592b-6659-469a-90b4-e8bccc65ff3e","Operation":"1","DealRespone":"0","InvoiceResponseCode":"0","OperationResponse":"0","OperationResponseText":"OK"}
 ------- 
API CALLBACK WORKS
{"terminalnumber":"71685","lowprofilecode":"45888920-4747-453a-80f9-d0d58f7b853b","Operation":"1","DealRespone":"0","InvoiceResponseCode":"0","OperationResponse":"0","OperationResponseText":"OK"}
 ------- 
API CALLBACK WORKS
{"terminalnumber":"71685","lowprofilecode":"41cc12df-5447-440b-b91c-67b7a7b4281e","Operation":"1","DealRespone":"6","OperationResponse":"6","OperationResponseText":"NOTOK"}
 ------- 
API CALLBACK WORKS
{"terminalnumber":"71685","lowprofilecode":"390c75af-e177-41b5-807e-31712f06197a","Operation":"1","DealRespone":"0","InvoiceResponseCode":"0","OperationResponse":"0","OperationResponseText":"OK"}
 ------- 
API CALLBACK WORKS
{"terminalnumber":"71685","lowprofilecode":"39f4f1a4-aaa0-4a27-b62e-6ab176d22a8f","Operation":"1","DealRespone":"0","InvoiceResponseCode":"0","OperationResponse":"0","OperationResponseText":"OK"}
 ------- 
API CALLBACK WORKS
{"terminalnumber":"71685","lowprofilecode":"3f45cebb-9d64-48d0-ab60-f47aca82e51f","Operation":"1","DealRespone":"0","InvoiceResponseCode":"0","OperationResponse":"0","OperationResponseText":"OK"}
 ------- 
API CALLBACK WORKS
{"terminalnumber":"71685","lowprofilecode":"3694c660-1a53-4282-afef-e8874df06f7a","Operation":"1","DealRespone":"0","InvoiceResponseCode":"0","OperationResponse":"0","OperationResponseText":"OK"}
 ------- 
API CALLBACK WORKS
{"terminalnumber":"71685","lowprofilecode":"fd12bb93-5490-4f8f-a1d1-f390eac899d4","Operation":"1","DealRespone":"0","InvoiceResponseCode":"0","OperationResponse":"0","OperationResponseText":"OK"}
 ------- 
API CALLBACK WORKS
{"terminalnumber":"71685","lowprofilecode":"f11d3caa-f45b-42b1-afe7-453784659645","Operation":"1","DealRespone":"0","InvoiceResponseCode":"0","OperationResponse":"0","OperationResponseText":"OK"}
 ------- 
API CALLBACK WORKS
{"terminalnumber":"71685","lowprofilecode":"ce0a8f34-82ac-401f-96cf-86c05e039c86","Operation":"1","DealRespone":"0","InvoiceResponseCode":"0","OperationResponse":"0","OperationResponseText":"OK"}
 ------- 
API CALLBACK WORKS
{"terminalnumber":"71685","lowprofilecode":"ce0a8f34-82ac-401f-96cf-86c05e039c86","Operation":"1","DealRespone":"0","InvoiceResponseCode":"0","OperationResponse":"0","OperationResponseText":"OK"}
 ------- 
API CALLBACK WORKS
{"terminalnumber":"71685","lowprofilecode":"ce0a8f34-82ac-401f-96cf-86c05e039c86","Operation":"1","DealRespone":"0","InvoiceResponseCode":"0","OperationResponse":"0","OperationResponseText":"OK"}
 ------- 
API CALLBACK WORKS
{"terminalnumber":"71685","lowprofilecode":"ce0a8f34-82ac-401f-96cf-86c05e039c86","Operation":"1","DealRespone":"0","InvoiceResponseCode":"0","OperationResponse":"0","OperationResponseText":"OK"}
 ------- 
API CALLBACK WORKS
{"terminalnumber":"71685","lowprofilecode":"ce0a8f34-82ac-401f-96cf-86c05e039c86","Operation":"1","DealRespone":"0","InvoiceResponseCode":"0","OperationResponse":"0","OperationResponseText":"OK"}
 ------- 
API CALLBACK WORKS
{"terminalnumber":"71685","lowprofilecode":"ce0a8f34-82ac-401f-96cf-86c05e039c86","Operation":"1","DealRespone":"0","InvoiceResponseCode":"0","OperationResponse":"0","OperationResponseText":"OK"}
 ------- 
API CALLBACK WORKS
{"terminalnumber":"71685","lowprofilecode":"b8b2f830-e01d-4dcf-8a79-0a09af6bd3c8","Operation":"1","DealRespone":"0","InvoiceResponseCode":"0","OperationResponse":"0","OperationResponseText":"OK"}
 ------- 
API CALLBACK WORKS
{"terminalnumber":"71685","lowprofilecode":"a4dd49fe-770f-4798-b361-7e00604f0caf","Operation":"1","DealRespone":"0","InvoiceResponseCode":"0","OperationResponse":"0","OperationResponseText":"OK"}
 ------- 
API CALLBACK WORKS
{"terminalnumber":"71685","lowprofilecode":"9a575729-75ee-4995-9433-a3ead686d05c","Operation":"1","DealRespone":"0","InvoiceResponseCode":"0","OperationResponse":"0","OperationResponseText":"OK"}
 ------- 
API CALLBACK WORKS
{"terminalnumber":"71685","lowprofilecode":"9e05f50d-2beb-4282-bd4b-9118427332c2","Operation":"1","DealRespone":"0","InvoiceResponseCode":"0","OperationResponse":"0","OperationResponseText":"OK"}
 ------- 
API CALLBACK WORKS
{"terminalnumber":"71685","lowprofilecode":"510c9c93-f465-48ca-9599-3198c7df9bda","Operation":"1","DealRespone":"0","InvoiceResponseCode":"0","OperationResponse":"0","OperationResponseText":"OK"}
 ------- 
API CALLBACK WORKS
{"terminalnumber":"71685","lowprofilecode":"512c1e92-e815-44f4-94e4-963dca79a762","Operation":"1","DealRespone":"0","InvoiceResponseCode":"0","OperationResponse":"0","OperationResponseText":"OK"}
 ------- 
API CALLBACK WORKS
{"terminalnumber":"71685","lowprofilecode":"27837899-d6e6-4ec6-9945-e64dab0773c6","Operation":"1","DealRespone":"0","InvoiceResponseCode":"0","OperationResponse":"0","OperationResponseText":"OK"}
 ------- 
API CALLBACK WORKS
{"terminalnumber":"71685","lowprofilecode":"27837899-d6e6-4ec6-9945-e64dab0773c6","Operation":"1","DealRespone":"0","InvoiceResponseCode":"0","OperationResponse":"0","OperationResponseText":"OK"}
 ------- 
API CALLBACK WORKS
{"terminalnumber":"71685","lowprofilecode":"27837899-d6e6-4ec6-9945-e64dab0773c6","Operation":"1","DealRespone":"0","InvoiceResponseCode":"0","OperationResponse":"0","OperationResponseText":"OK"}
 ------- 
API CALLBACK WORKS
{"terminalnumber":"71685","lowprofilecode":"27837899-d6e6-4ec6-9945-e64dab0773c6","Operation":"1","DealRespone":"0","InvoiceResponseCode":"0","OperationResponse":"0","OperationResponseText":"OK"}
 ------- 
API CALLBACK WORKS
{"terminalnumber":"71685","lowprofilecode":"27837899-d6e6-4ec6-9945-e64dab0773c6","Operation":"1","DealRespone":"0","InvoiceResponseCode":"0","OperationResponse":"0","OperationResponseText":"OK"}
 ------- 
API CALLBACK WORKS
{"terminalnumber":"71685","lowprofilecode":"48d1b674-4211-41f2-acd2-031ac096a858","Operation":"1","DealRespone":"0","InvoiceResponseCode":"0","OperationResponse":"0","OperationResponseText":"OK"}
 ------- 
API CALLBACK WORKS
{"terminalnumber":"71685","lowprofilecode":"48d1b674-4211-41f2-acd2-031ac096a858","Operation":"1","DealRespone":"0","InvoiceResponseCode":"0","OperationResponse":"0","OperationResponseText":"OK"}
 ------- 
API CALLBACK WORKS
{"terminalnumber":"71685","lowprofilecode":"39229ec3-81a9-4918-8759-b66e7c2fc7dc","Operation":"1","DealRespone":"0","InvoiceResponseCode":"0","OperationResponse":"0","OperationResponseText":"OK"}
 ------- 
API CALLBACK WORKS
{"terminalnumber":"71685","lowprofilecode":"48d1b674-4211-41f2-acd2-031ac096a858","Operation":"1","DealRespone":"0","InvoiceResponseCode":"0","OperationResponse":"0","OperationResponseText":"OK"}
 ------- 
API CALLBACK WORKS
{"terminalnumber":"71685","lowprofilecode":"39229ec3-81a9-4918-8759-b66e7c2fc7dc","Operation":"1","DealRespone":"0","InvoiceResponseCode":"0","OperationResponse":"0","OperationResponseText":"OK"}
 ------- 
API CALLBACK WORKS
{"terminalnumber":"71685","lowprofilecode":"48d1b674-4211-41f2-acd2-031ac096a858","Operation":"1","DealRespone":"0","InvoiceResponseCode":"0","OperationResponse":"0","OperationResponseText":"OK"}
 ------- 
API CALLBACK WORKS
{"terminalnumber":"71685","lowprofilecode":"39229ec3-81a9-4918-8759-b66e7c2fc7dc","Operation":"1","DealRespone":"0","InvoiceResponseCode":"0","OperationResponse":"0","OperationResponseText":"OK"}
 ------- 
API CALLBACK WORKS
{"terminalnumber":"71685","lowprofilecode":"39229ec3-81a9-4918-8759-b66e7c2fc7dc","Operation":"1","DealRespone":"0","InvoiceResponseCode":"0","OperationResponse":"0","OperationResponseText":"OK"}
 ------- 
API CALLBACK WORKS
{"terminalnumber":"71685","lowprofilecode":"4cfbecf0-6226-42fa-a0ca-64ad405d1e1b","Operation":"1","DealRespone":"0","InvoiceResponseCode":"0","OperationResponse":"0","OperationResponseText":"OK"}
 ------- 
API CALLBACK WORKS
{"terminalnumber":"71685","lowprofilecode":"4cfbecf0-6226-42fa-a0ca-64ad405d1e1b","Operation":"1","DealRespone":"0","InvoiceResponseCode":"0","OperationResponse":"0","OperationResponseText":"OK"}
 ------- 
API CALLBACK WORKS
{"terminalnumber":"71685","lowprofilecode":"fd5558c9-7a29-43c4-8119-2c4be14cd86f","Operation":"1","DealRespone":"0","InvoiceResponseCode":"0","OperationResponse":"0","OperationResponseText":"OK"}
 ------- 
API CALLBACK WORKS
{"terminalnumber":"71685","lowprofilecode":"4cfbecf0-6226-42fa-a0ca-64ad405d1e1b","Operation":"1","DealRespone":"0","InvoiceResponseCode":"0","OperationResponse":"0","OperationResponseText":"OK"}
 ------- 
API CALLBACK WORKS
{"terminalnumber":"71685","lowprofilecode":"4cfbecf0-6226-42fa-a0ca-64ad405d1e1b","Operation":"1","DealRespone":"0","InvoiceResponseCode":"0","OperationResponse":"0","OperationResponseText":"OK"}
 ------- 
API CALLBACK WORKS
{"terminalnumber":"71685","lowprofilecode":"48d1b674-4211-41f2-acd2-031ac096a858","Operation":"1","DealRespone":"0","InvoiceResponseCode":"0","OperationResponse":"0","OperationResponseText":"OK"}
 ------- 
API CALLBACK WORKS
{"terminalnumber":"71685","lowprofilecode":"39229ec3-81a9-4918-8759-b66e7c2fc7dc","Operation":"1","DealRespone":"0","InvoiceResponseCode":"0","OperationResponse":"0","OperationResponseText":"OK"}
 ------- 
API CALLBACK WORKS
{"terminalnumber":"71685","lowprofilecode":"5cb2df27-d56b-49d3-9176-8abbd599f2ac","Operation":"1","DealRespone":"0","InvoiceResponseCode":"0","OperationResponse":"0","OperationResponseText":"OK"}
 ------- 
API CALLBACK WORKS
{"terminalnumber":"71685","lowprofilecode":"4cfbecf0-6226-42fa-a0ca-64ad405d1e1b","Operation":"1","DealRespone":"0","InvoiceResponseCode":"0","OperationResponse":"0","OperationResponseText":"OK"}
 ------- 
API CALLBACK WORKS
{"terminalnumber":"71685","lowprofilecode":"27837899-d6e6-4ec6-9945-e64dab0773c6","Operation":"1","DealRespone":"0","InvoiceResponseCode":"0","OperationResponse":"0","OperationResponseText":"OK"}
 ------- 
API CALLBACK WORKS
{"terminalnumber":"71685","lowprofilecode":"48d1b674-4211-41f2-acd2-031ac096a858","Operation":"1","DealRespone":"0","InvoiceResponseCode":"0","OperationResponse":"0","OperationResponseText":"OK"}
 ------- 
API CALLBACK WORKS
{"terminalnumber":"71685","lowprofilecode":"39229ec3-81a9-4918-8759-b66e7c2fc7dc","Operation":"1","DealRespone":"0","InvoiceResponseCode":"0","OperationResponse":"0","OperationResponseText":"OK"}
 ------- 
API CALLBACK WORKS
{"terminalnumber":"71685","lowprofilecode":"3a683b5d-ee50-443c-a840-ae9ff2a33304","Operation":"1","DealRespone":"0","InvoiceResponseCode":"0","OperationResponse":"0","OperationResponseText":"OK"}
 ------- 
API CALLBACK WORKS
{"terminalnumber":"71685","lowprofilecode":"4cfbecf0-6226-42fa-a0ca-64ad405d1e1b","Operation":"1","DealRespone":"0","InvoiceResponseCode":"0","OperationResponse":"0","OperationResponseText":"OK"}
 ------- 
API CALLBACK WORKS
{"terminalnumber":"71685","lowprofilecode":"34de54ac-66dd-4127-97f4-7a574a19f5b2","Operation":"1","DealRespone":"0","InvoiceResponseCode":"0","OperationResponse":"0","OperationResponseText":"OK"}
 ------- 
API CALLBACK WORKS
{"terminalnumber":"71685","lowprofilecode":"ce0a8f34-82ac-401f-96cf-86c05e039c86","Operation":"1","DealRespone":"0","InvoiceResponseCode":"0","OperationResponse":"0","OperationResponseText":"OK"}
 ------- 
API CALLBACK WORKS
{"terminalnumber":"71685","lowprofilecode":"27837899-d6e6-4ec6-9945-e64dab0773c6","Operation":"1","DealRespone":"0","InvoiceResponseCode":"0","OperationResponse":"0","OperationResponseText":"OK"}
 ------- 
API CALLBACK WORKS
{"terminalnumber":"71685","lowprofilecode":"48d1b674-4211-41f2-acd2-031ac096a858","Operation":"1","DealRespone":"0","InvoiceResponseCode":"0","OperationResponse":"0","OperationResponseText":"OK"}
 ------- 
API CALLBACK WORKS
{"terminalnumber":"71685","lowprofilecode":"39229ec3-81a9-4918-8759-b66e7c2fc7dc","Operation":"1","DealRespone":"0","InvoiceResponseCode":"0","OperationResponse":"0","OperationResponseText":"OK"}
 ------- 
API CALLBACK WORKS
{"terminalnumber":"71685","lowprofilecode":"4cfbecf0-6226-42fa-a0ca-64ad405d1e1b","Operation":"1","DealRespone":"0","InvoiceResponseCode":"0","OperationResponse":"0","OperationResponseText":"OK"}
 ------- 
API CALLBACK WORKS
{"terminalnumber":"71685","lowprofilecode":"ce0a8f34-82ac-401f-96cf-86c05e039c86","Operation":"1","DealRespone":"0","InvoiceResponseCode":"0","OperationResponse":"0","OperationResponseText":"OK"}
 ------- 
API CALLBACK WORKS
{"terminalnumber":"71685","lowprofilecode":"27837899-d6e6-4ec6-9945-e64dab0773c6","Operation":"1","DealRespone":"0","InvoiceResponseCode":"0","OperationResponse":"0","OperationResponseText":"OK"}
 ------- 
API CALLBACK WORKS
{"terminalnumber":"71685","lowprofilecode":"48d1b674-4211-41f2-acd2-031ac096a858","Operation":"1","DealRespone":"0","InvoiceResponseCode":"0","OperationResponse":"0","OperationResponseText":"OK"}
 ------- 
API CALLBACK WORKS
{"terminalnumber":"71685","lowprofilecode":"39229ec3-81a9-4918-8759-b66e7c2fc7dc","Operation":"1","DealRespone":"0","InvoiceResponseCode":"0","OperationResponse":"0","OperationResponseText":"OK"}
 ------- 
API CALLBACK WORKS
{"terminalnumber":"71685","lowprofilecode":"4cfbecf0-6226-42fa-a0ca-64ad405d1e1b","Operation":"1","DealRespone":"0","InvoiceResponseCode":"0","OperationResponse":"0","OperationResponseText":"OK"}
 ------- 
API CALLBACK WORKS
{"terminalnumber":"71685","lowprofilecode":"b27348ea-3daf-43ad-b2a7-20ada451e2c1","Operation":"1","DealRespone":"0","InvoiceResponseCode":"0","OperationResponse":"0","OperationResponseText":"OK"}
 ------- 
API CALLBACK WORKS
{"terminalnumber":"71685","lowprofilecode":"095a3b0b-35da-47a1-856f-14e8c73267a1","Operation":"1","DealRespone":"0","InvoiceResponseCode":"0","OperationResponse":"0","OperationResponseText":"OK"}
 ------- 
API CALLBACK WORKS
{"terminalnumber":"71685","lowprofilecode":"095a3b0b-35da-47a1-856f-14e8c73267a1","Operation":"1","DealRespone":"0","InvoiceResponseCode":"0","OperationResponse":"0","OperationResponseText":"OK"}
 ------- 
API CALLBACK WORKS
{"terminalnumber":"71685","lowprofilecode":"095a3b0b-35da-47a1-856f-14e8c73267a1","Operation":"1","DealRespone":"0","InvoiceResponseCode":"0","OperationResponse":"0","OperationResponseText":"OK"}
 ------- 
API CALLBACK WORKS
{"terminalnumber":"71685","lowprofilecode":"709b2838-9469-4245-bba2-e89f72e01abd","Operation":"1","DealRespone":"0","InvoiceResponseCode":"0","OperationResponse":"0","OperationResponseText":"OK"}
 ------- 
API CALLBACK WORKS
{"terminalnumber":"71685","lowprofilecode":"095a3b0b-35da-47a1-856f-14e8c73267a1","Operation":"1","DealRespone":"0","InvoiceResponseCode":"0","OperationResponse":"0","OperationResponseText":"OK"}
 ------- 
API CALLBACK WORKS
{"terminalnumber":"71685","lowprofilecode":"095a3b0b-35da-47a1-856f-14e8c73267a1","Operation":"1","DealRespone":"0","InvoiceResponseCode":"0","OperationResponse":"0","OperationResponseText":"OK"}
 ------- 
API CALLBACK WORKS
{"terminalnumber":"71685","lowprofilecode":"095a3b0b-35da-47a1-856f-14e8c73267a1","Operation":"1","DealRespone":"0","InvoiceResponseCode":"0","OperationResponse":"0","OperationResponseText":"OK"}
 ------- 
API CALLBACK WORKS
{"terminalnumber":"71685","lowprofilecode":"095a3b0b-35da-47a1-856f-14e8c73267a1","Operation":"1","DealRespone":"0","InvoiceResponseCode":"0","OperationResponse":"0","OperationResponseText":"OK"}
 ------- 
API CALLBACK WORKS
{"terminalnumber":"71685","lowprofilecode":"095a3b0b-35da-47a1-856f-14e8c73267a1","Operation":"1","DealRespone":"0","InvoiceResponseCode":"0","OperationResponse":"0","OperationResponseText":"OK"}
 ------- 
API CALLBACK WORKS
{"terminalnumber":"71685","lowprofilecode":"ef39cbcb-60dd-4123-85d0-71a5d7ceab22","Operation":"1","DealRespone":"0","InvoiceResponseCode":"0","OperationResponse":"0","OperationResponseText":"OK"}
 ------- 
API CALLBACK WORKS
{"terminalnumber":"83459","lowprofilecode":"16809093-6cb3-44cf-8c45-1cfd32eccbad","Operation":"1","DealRespone":"0","InvoiceResponseCode":"0","OperationResponse":"0","OperationResponseText":"OK"}
 ------- 
API CALLBACK WORKS
{"terminalnumber":"83459","lowprofilecode":"15d3871d-5f0f-494c-bbeb-81e67038e5d7","Operation":"1","DealRespone":"0","InvoiceResponseCode":"0","OperationResponse":"0","OperationResponseText":"OK"}
 ------- 
API CALLBACK WORKS
{"terminalnumber":"83459","lowprofilecode":"4ea7c91a-49b5-4777-9c67-887d2dd98485","Operation":"1","DealRespone":"0","InvoiceResponseCode":"0","OperationResponse":"0","OperationResponseText":"OK"}
 ------- 
API CALLBACK WORKS
{"terminalnumber":"83459","lowprofilecode":"e436cb0d-7e8f-44e0-b9f3-d21fa148ab33","Operation":"1","DealRespone":"0","InvoiceResponseCode":"0","OperationResponse":"0","OperationResponseText":"OK"}
 ------- 
API CALLBACK WORKS
{"terminalnumber":"83459","lowprofilecode":"60641d63-ea55-4247-a1fc-e51631dc91f5","Operation":"1","DealRespone":"0","InvoiceResponseCode":"0","OperationResponse":"0","OperationResponseText":"OK"}
 ------- 
API CALLBACK WORKS
{"terminalnumber":"83459","lowprofilecode":"403e3ba5-6acd-41be-8a0f-0985a218e287","Operation":"1","DealRespone":"0","InvoiceResponseCode":"0","OperationResponse":"0","OperationResponseText":"OK"}
 ------- 
API CALLBACK WORKS
{"terminalnumber":"83459","lowprofilecode":"15222078-af17-4c0d-bdbd-ef8fba6127a3","Operation":"1","DealRespone":"0","InvoiceResponseCode":"0","OperationResponse":"0","OperationResponseText":"OK"}
 ------- 
API CALLBACK WORKS
{"terminalnumber":"83459","lowprofilecode":"72a525ab-746b-4348-9660-ad5ee34783cd","Operation":"1","DealRespone":"0","InvoiceResponseCode":"0","OperationResponse":"0","OperationResponseText":"OK"}
 ------- 
API CALLBACK WORKS
{"terminalnumber":"83459","lowprofilecode":"12a01124-81b9-4190-9ccf-52b5ff5923c8","Operation":"1","DealRespone":"0","InvoiceResponseCode":"0","OperationResponse":"0","OperationResponseText":"OK"}
 ------- 
